#
# There is insufficient memory for the Java Runtime Environment to continue.
# Native memory allocation (malloc) failed to allocate 1048576 bytes for AllocateHeap
# Possible reasons:
#   The system is out of physical RAM or swap space
#   The process is running with CompressedOops enabled, and the Java Heap may be blocking the growth of the native heap
# Possible solutions:
#   Reduce memory load on the system
#   Increase physical memory or swap space
#   Check if swap backing store is full
#   Decrease Java heap size (-Xmx/-Xms)
#   Decrease number of Java threads
#   Decrease Java thread stack sizes (-Xss)
#   Set larger code cache with -XX:ReservedCodeCacheSize=
#   JVM is running with Unscaled Compressed Oops mode in which the Java heap is
#     placed in the first 4GB address space. The Java Heap base address is the
#     maximum limit for the native heap growth. Please use -XX:HeapBaseMinAddress
#     to set the Java Heap base and to place the Java Heap above 4GB virtual address.
# This output file may be truncated or incomplete.
#
#  Out of Memory Error (memory/allocation.inline.hpp:61), pid=7160, tid=0x0000000000001230
#
# JRE version:  (8.0_201-b09) (build )
# Java VM: Java HotSpot(TM) 64-Bit Server VM (25.201-b09 mixed mode windows-amd64 compressed oops)
# Failed to write core dump. Minidumps are not enabled by default on client versions of Windows
#

---------------  T H R E A D  ---------------

Current thread (0x0000000002445000):  JavaThread "Unknown thread" [_thread_in_vm, id=4656, stack(0x0000000002340000,0x0000000002440000)]

Stack: [0x0000000002340000,0x0000000002440000]
[error occurred during error reporting (printing stack bounds), id 0xc0000005]

Native frames: (J=compiled Java code, j=interpreted, Vv=VM code, C=native code)


---------------  P R O C E S S  ---------------

Java Threads: ( => current thread )

Other Threads:

=>0x0000000002445000 (exited) JavaThread "Unknown thread" [_thread_in_vm, id=4656, stack(0x0000000002340000,0x0000000002440000)]

VM state:not at safepoint (normal execution)

VM Mutex/Monitor currently owned by a thread: None

heap address: 0x00000000c1e00000, size: 994 MB, Compressed Oops mode: 32-bit
Narrow klass base: 0x0000000000000000, Narrow klass shift: 3
Compressed class space size: 1073741824 Address: 0x0000000100000000

Heap:
 PSYoungGen      total 18944K, used 327K [0x00000000eb500000, 0x00000000eca00000, 0x0000000100000000)
  eden space 16384K, 2% used [0x00000000eb500000,0x00000000eb551ec8,0x00000000ec500000)
  from space 2560K, 0% used [0x00000000ec780000,0x00000000ec780000,0x00000000eca00000)
  to   space 2560K, 0% used [0x00000000ec500000,0x00000000ec500000,0x00000000ec780000)
 ParOldGen       total 44032K, used 0K [0x00000000c1e00000, 0x00000000c4900000, 0x00000000eb500000)
  object space 44032K, 0% used [0x00000000c1e00000,0x00000000c1e00000,0x00000000c4900000)
 Metaspace       used 751K, capacity 4480K, committed 4480K, reserved 1056768K
  class space    used 76K, capacity 384K, committed 384K, reserved 1048576K

Card table byte_map: [0x0000000011900000,0x0000000011b00000] byte_map_base: 0x00000000112f1000

Marking Bits: (ParMarkBitMap*) 0x0000000074e64ce0
 Begin Bits: [0x0000000012050000, 0x0000000012fd8000)
 End Bits:   [0x0000000012fd8000, 0x0000000013f60000)

Polling page: 0x00000000009d0000

CodeCache: size=245760Kb used=328Kb max_used=328Kb free=245431Kb
 bounds [0x0000000002540000, 0x00000000027b0000, 0x0000000011540000]
 total_blobs=58 nmethods=0 adapters=38
 compilation: enabled

Compilation events (0 events):
No events

GC Heap History (0 events):
No events

Deoptimization events (0 events):
No events

Classes redefined (0 events):
No events

Internal exceptions (0 events):
No events

Events (10 events):
Event: 0.029 loading class java/lang/Short
Event: 0.029 loading class java/lang/Short done
Event: 0.029 loading class java/lang/Integer
Event: 0.029 loading class java/lang/Integer done
Event: 0.029 loading class java/lang/Long
Event: 0.030 loading class java/lang/Long done
Event: 0.031 loading class java/lang/NullPointerException
Event: 0.031 loading class java/lang/NullPointerException done
Event: 0.031 loading class java/lang/ArithmeticException
Event: 0.031 loading class java/lang/ArithmeticException done


Dynamic libraries:
0x00007ff737860000 - 0x00007ff737897000 	C:\Program Files\Java\jre1.8.0_201\bin\javaw.exe
0x00007fff60ee0000 - 0x00007fff610d0000 	C:\WINDOWS\SYSTEM32\ntdll.dll
0x00007fff60d40000 - 0x00007fff60df2000 	C:\WINDOWS\System32\KERNEL32.DLL
0x00007fff5e8d0000 - 0x00007fff5eb72000 	C:\WINDOWS\System32\KERNELBASE.dll
0x00007fff60c80000 - 0x00007fff60d23000 	C:\WINDOWS\System32\ADVAPI32.dll
0x00007fff5f4d0000 - 0x00007fff5f56e000 	C:\WINDOWS\System32\msvcrt.dll
0x00007fff60e00000 - 0x00007fff60e97000 	C:\WINDOWS\System32\sechost.dll
0x00007fff5f570000 - 0x00007fff5f690000 	C:\WINDOWS\System32\RPCRT4.dll
0x00007fff5f330000 - 0x00007fff5f4c3000 	C:\WINDOWS\System32\USER32.dll
0x00007fff5e030000 - 0x00007fff5e051000 	C:\WINDOWS\System32\win32u.dll
0x00007fff5f200000 - 0x00007fff5f226000 	C:\WINDOWS\System32\GDI32.dll
0x00007fff5ec80000 - 0x00007fff5ee14000 	C:\WINDOWS\System32\gdi32full.dll
0x00007fff5ef00000 - 0x00007fff5ef9e000 	C:\WINDOWS\System32\msvcp_win.dll
0x00007fff5eb80000 - 0x00007fff5ec7a000 	C:\WINDOWS\System32\ucrtbase.dll
0x00007fff50440000 - 0x00007fff506c5000 	C:\WINDOWS\WinSxS\amd64_microsoft.windows.common-controls_6595b64144ccf1df_6.0.18356.21_none_a16b617251492316\COMCTL32.dll
0x00007fff5f690000 - 0x00007fff5f9c6000 	C:\WINDOWS\System32\combase.dll
0x00007fff5e0c0000 - 0x00007fff5e141000 	C:\WINDOWS\System32\bcryptPrimitives.dll
0x00007fff60520000 - 0x00007fff6054e000 	C:\WINDOWS\System32\IMM32.DLL
0x0000000074090000 - 0x0000000074161000 	C:\Program Files\Java\jre1.8.0_201\bin\msvcr100.dll
0x0000000074640000 - 0x0000000074ee4000 	C:\Program Files\Java\jre1.8.0_201\bin\server\jvm.dll
0x00007fff5f2b0000 - 0x00007fff5f2b8000 	C:\WINDOWS\System32\PSAPI.DLL
0x00007fff5a870000 - 0x00007fff5a879000 	C:\WINDOWS\SYSTEM32\WSOCK32.dll
0x00007fff5f2c0000 - 0x00007fff5f32f000 	C:\WINDOWS\System32\WS2_32.dll
0x00007fff5b740000 - 0x00007fff5b764000 	C:\WINDOWS\SYSTEM32\WINMM.dll
0x00007fff59e20000 - 0x00007fff59e2a000 	C:\WINDOWS\SYSTEM32\VERSION.dll
0x00007fff5b710000 - 0x00007fff5b73d000 	C:\WINDOWS\SYSTEM32\WINMMBASE.dll
0x00007fff5dfc0000 - 0x00007fff5e00a000 	C:\WINDOWS\System32\cfgmgr32.dll
0x00007fff5a7f0000 - 0x00007fff5a7ff000 	C:\Program Files\Java\jre1.8.0_201\bin\verify.dll
0x00007fff56d80000 - 0x00007fff56da9000 	C:\Program Files\Java\jre1.8.0_201\bin\java.dll
0x00007fff51230000 - 0x00007fff51246000 	C:\Program Files\Java\jre1.8.0_201\bin\zip.dll

VM Arguments:
jvm_args: -Duser.language=es_AR -Dfile.encoding=UTF-8 
java_command: org.uqbar.project.wollok.launch.WollokLauncher -r -dd -requestsPort 0 -eventsPort 0 -dynamicDiagramPort 63788 -folder -wf src/casa.wlk
java_class_path (initial): C:\Users\p4bl1\Desktop\Unahur\Obj1\proyectWollok\casa-pepe-julian-P4BL1SK1\bin;C:\Wollok\plugins\com.ibm.icu_56.1.0.v201601250100.jar;C:\Wollok\plugins\org.eclipse.xtext_2.11.0.v20170130-0808.jar;C:\Wollok\plugins\org.eclipse.emf.ecore.xmi_2.12.0.v20160420-0247.jar;C:\Wollok\plugins\org.eclipse.emf.ecore_2.12.0.v20160420-0247.jar;C:\Wollok\plugins\org.eclipse.emf.common_2.12.0.v20160420-0247.jar;C:\Wollok\plugins\org.antlr.runtime_3.2.0.v201101311130.jar;C:\Wollok\plugins\com.google.inject_3.0.0.v201605172100.jar;C:\Wollok\plugins\org.eclipse.emf.mwe.core_1.4.0.jar;C:\Wollok\plugins\org.apache.commons.cli_1.2.0.v201404270220.jar;C:\Wollok\plugins\org.eclipse.emf.mwe2.runtime_2.10.0.jar;C:\Wollok\plugins\org.eclipse.emf.mwe.utils_1.4.0.jar;C:\Wollok\plugins\org.eclipse.xtext.util_2.11.0.v20170130-0808.jar;C:\Wollok\plugins\com.google.guava_15.0.0.v201403281430.jar;C:\Wollok\plugins\javax.inject_1.0.0.v20091030.jar;C:\Wollok\plugins\org.eclipse.xtext.generator_2.11.0.v20170131-1210.jar;C:\Wollok\plugins\org.eclipse.xtext.xtext.generator_2.11.0.v20170130-0808.jar;C:\Wollok\plugins\org.eclipse.xtext.xbase.lib_2.11.0.v20170124-1424.jar;C:\Wollok\plugins\org.eclipse.emf.codegen.ecore_2.12.0.v20160526-0356.jar;C:\Wollok\plugins\org.eclipse.emf.codegen_2.11.0.v20160526-0356.jar;C:\Wollok\plugins\org.eclipse.xtend_2.2.0.v201605260315.jar;C:\Wollok\plugins\org.eclipse.xpand_2.2.0.v201605260315.jar;C:\Wollok\plugins\org.eclipse.xtend.typesystem.emf_2.2.0.v201605260315.jar;C:\Wollok\plugins\org.eclipse.emf.mwe2.lib_2.9.0.v201605261103.jar;C:\Wollok\plugins\org.uqbar.project.wollok_1.7.6.jar;C:\Wollok\plugins\org.eclipse.xtext.xbase_2.11.0.v20170131-1210.jar;C:\Wollok\plugins\org.eclipse.xtext.common.types_2.11.0.v20170131-1210.jar;C:\Wollok\plugins\org.eclipse.xtend.lib_2.11.0.v20170124-1424.jar;C:\Wollok\plugins\org.eclipse.xtend.lib.macro_2.11.0.v20170124-1424.jar;C:\Wollok\plugins\org.apache.commons.collections_3.2.2.v201511171945.jar;C:\Wollok\p
Launcher Type: SUN_STANDARD

Environment Variables:
PATH=C:/Program Files/Java/jre1.8.0_201/bin/server;C:/Program Files/Java/jre1.8.0_201/bin;C:/Program Files/Java/jre1.8.0_201/lib/amd64;C:\Program Files (x86)\Common Files\Oracle\Java\javapath;C:\WINDOWS\system32;C:\WINDOWS;C:\WINDOWS\System32\Wbem;C:\WINDOWS\System32\WindowsPowerShell\v1.0\;C:\WINDOWS\System32\OpenSSH\;C:\Program Files\Git\cmd;C:\Program Files (x86)\NVIDIA Corporation\PhysX\Common;C:\Users\p4bl1\AppData\Local\Microsoft\WindowsApps;;C:\Wollok;
USERNAME=P4BL1SK1
OS=Windows_NT
PROCESSOR_IDENTIFIER=Intel64 Family 6 Model 142 Stepping 9, GenuineIntel



---------------  S Y S T E M  ---------------

OS: Windows 10.0 , 64 bit Build 18356 (10.0.18356.1)

CPU:total 4 (initial active 4) (2 cores per cpu, 2 threads per core) family 6 model 142 stepping 9, cmov, cx8, fxsr, mmx, sse, sse2, sse3, ssse3, sse4.1, sse4.2, popcnt, avx, avx2, aes, clmul, erms, 3dnowpref, lzcnt, ht, tsc, tscinvbit, bmi1, bmi2, adx

Memory: 4k page, physical 4066020k(601236k free), swap 16648932k(4712k free)

vm_info: Java HotSpot(TM) 64-Bit Server VM (25.201-b09) for windows-amd64 JRE (1.8.0_201-b09), built on Dec 15 2018 18:36:39 by "java_re" with MS VC++ 10.0 (VS2010)

time: Wed May 01 22:38:17 2019
timezone: Hora estándar de Argentina
elapsed time: 0 seconds (0d 0h 0m 0s)

